<?xml version="1.0" encoding="UTF-8"?><testsuite errors="1" failures="0" name="Ingreso de CP  testdesing" skipped="0" tests="1" time="5.8" timestamp="2023-03-05 09:25:49"><testcase name="Ingresar Casos de Pruebas"><error message="The supplied data appears to be in the OLE2 Format. You are calling the part of POI that deals with OOXML (Office Open XML) Documents. You need to call a different part of POI to process this data (eg HSSF instead of XSSF)" type="org.apache.poi.openxml4j.exceptions.OLE2NotOfficeXmlFileException">The supplied data appears to be in the OLE2 Format. You are calling the part of POI that deals with OOXML (Office Open XML) Documents. You need to call a different part of POI to process this data (eg HSSF instead of XSSF)</error><system-err>The supplied data appears to be in the OLE2 Format. You are calling the part of POI that deals with OOXML (Office Open XML) Documents. You need to call a different part of POI to process this data (eg HSSF instead of XSSF)&#13;
org.apache.poi.openxml4j.opc.internal.ZipHelper.verifyZipHeader(ZipHelper.java:179)&#13;
org.apache.poi.openxml4j.opc.internal.ZipHelper.openZipStream(ZipHelper.java:209)&#13;
org.apache.poi.openxml4j.opc.ZipPackage.&lt;init&gt;(ZipPackage.java:98)&#13;
org.apache.poi.openxml4j.opc.OPCPackage.open(OPCPackage.java:324)&#13;
org.apache.poi.util.PackageHelper.open(PackageHelper.java:37)&#13;
org.apache.poi.xssf.usermodel.XSSFWorkbook.&lt;init&gt;(XSSFWorkbook.java:295)&#13;
co.sqa.testdesing.pruebas.utils.DatosExcelListas.leerExcel(DatosExcelListas.java:22)&#13;
co.sqa.testdesing.pruebas.tasks.Imprimirdatos.performAs(Imprimirdatos.java:27)&#13;
co.sqa.testdesing.pruebas.stepdefinition.AutomatizacionSqaTestDesingStepDefinition.elegimosElProyectoAsignado(AutomatizacionSqaTestDesingStepDefinition.java:39)&#13;
cucumber.runner.Runner.runPickle(Runner.java:80)&#13;
worker.org.gradle.process.internal.worker.GradleWorkerMain.run(GradleWorkerMain.java:69)&#13;
worker.org.gradle.process.internal.worker.GradleWorkerMain.main(GradleWorkerMain.java:74)&#13;
</system-err></testcase></testsuite>